<?xml version="1.0" encoding="UTF-8"?>
<testsuite name="Login to saucedemo" tests="1" skipped="0" failures="0" errors="0" timestamp="2025-07-17T06:57:57" hostname="DESKTOP-8ACA4EI" time="188.958">
  <properties/>
  <testcase name="Successful login with valid credentials" classname="Login to saucedemo" time="188.958"/>
  <system-out><![CDATA[
Scenario: Successful login with valid credentials # src/test/resources/features/login.feature:3
  Given user is on the login page                 # stepdefinitions.LoginSteps.userIsOnLoginPage()
  When user inputs valid username and password    # stepdefinitions.LoginSteps.userInputsCredentials()
  And user clicks login button                    # stepdefinitions.LoginSteps.userClicksLogin()
  Then user is redirected to the inventory page   # stepdefinitions.LoginSteps.userIsRedirectedToInventory()
]]></system-out>
  <system-err><![CDATA[Jul 17, 2025 1:59:01 PM org.openqa.selenium.devtools.CdpVersionFinder findNearestMatch
WARNING: Unable to find CDP implementation matching 138
Jul 17, 2025 1:59:03 PM org.openqa.selenium.chromium.ChromiumDriver lambda$new$5
WARNING: Unable to find version of CDP to use for 138.0.7204.157. You may need to include a dependency on a specific version of the CDP using something similar to `org.seleniumhq.selenium:selenium-devtools-v86:4.21.0` where the version ("v86") matches the version of the chromium-based browser you're using and the version number of the artifact is the same as Selenium's.
]]></system-err>
</testsuite>
